  [4;36;1mSQL (0.0ms)[0m   [0;1mSET NAMES 'utf8'[0m
  [4;35;1mSQL (0.0ms)[0m   [0mSET SQL_AUTO_IS_NULL=0[0m
  [4;36;1mSQL (106.0ms)[0m   [0;1mCREATE TABLE `account_categories` (`id` int(11) DEFAULT NULL auto_increment PRIMARY KEY, `label` varchar(255), `description` varchar(255), `created_at` datetime, `updated_at` datetime) ENGINE=InnoDB[0m
  [4;36;1mSQL (0.0ms)[0m   [0;1mSET NAMES 'utf8'[0m
  [4;35;1mSQL (1.0ms)[0m   [0mSET SQL_AUTO_IS_NULL=0[0m


Processing AccountCategoriesController#show (for 127.0.0.1 at 2010-09-19 14:02:49) [GET]
  Parameters: {"id"=>"index"}

ActionController::UnknownAction (No action responded to show. Actions: index):
  

Rendering rescues/layout (not_found)
  [4;36;1mSQL (0.0ms)[0m   [0;1mSET NAMES 'utf8'[0m
  [4;35;1mSQL (0.0ms)[0m   [0mSET SQL_AUTO_IS_NULL=0[0m


Processing AccountCategoriesController#index (for 127.0.0.1 at 2010-09-19 14:03:07) [GET]
Rendering account_categories/index
Completed in 10ms (View: 8, DB: 0) | 200 OK [http://localhost/account_categories/]
  [4;36;1mSQL (0.0ms)[0m   [0;1mSET NAMES 'utf8'[0m
  [4;35;1mSQL (0.0ms)[0m   [0mSET SQL_AUTO_IS_NULL=0[0m


Processing AccountCategoriesController#show (for 127.0.0.1 at 2010-09-19 14:06:40) [GET]
  Parameters: {"id"=>"index"}

ActionController::UnknownAction (No action responded to show. Actions: index and new):
  

Rendering rescues/layout (not_found)
  [4;36;1mSQL (1.0ms)[0m   [0;1mSET NAMES 'utf8'[0m
  [4;35;1mSQL (1.0ms)[0m   [0mSET SQL_AUTO_IS_NULL=0[0m


Processing AccountCategoriesController#new (for 127.0.0.1 at 2010-09-19 14:06:47) [GET]
  [4;36;1mAccountCategory Columns (3.0ms)[0m   [0;1mSHOW FIELDS FROM `account_categories`[0m
Rendering account_categories/new
Completed in 2812ms (View: 2801, DB: 5) | 200 OK [http://localhost/account_categories/new]
  [4;35;1mSQL (0.0ms)[0m   [0mSET NAMES 'utf8'[0m
  [4;36;1mSQL (1.0ms)[0m   [0;1mSET SQL_AUTO_IS_NULL=0[0m


Processing AccountCategoriesController#create (for 127.0.0.1 at 2010-09-19 14:08:38) [POST]
  Parameters: {"commit"=>"Create new account", "authenticity_token"=>"Du6YG6QGqfXreM4aRYI4Av/ZLqJujO5YyxDg+8ot++o=", "account_category"=>{"description"=>"asdfasdfadsf", "label"=>"abc"}}

NameError (uninitialized constant AccountCategoriesController::Board):
  app/controllers/account_categories_controller.rb:16:in `create'

Rendered rescues/_trace (88.0ms)
Rendered rescues/_request_and_response (3.0ms)
Rendering rescues/layout (internal_server_error)
  [4;35;1mSQL (0.0ms)[0m   [0mSET NAMES 'utf8'[0m
  [4;36;1mSQL (1.0ms)[0m   [0;1mSET SQL_AUTO_IS_NULL=0[0m


Processing AccountCategoriesController#create (for 127.0.0.1 at 2010-09-19 14:09:04) [POST]
  Parameters: {"commit"=>"Create new account", "authenticity_token"=>"Du6YG6QGqfXreM4aRYI4Av/ZLqJujO5YyxDg+8ot++o=", "account_category"=>{"description"=>"asdfasdfadsf", "label"=>"abc"}}
  [4;35;1mAccountCategory Columns (3.0ms)[0m   [0mSHOW FIELDS FROM `account_categories`[0m
  [4;36;1mSQL (0.0ms)[0m   [0;1mBEGIN[0m
  [4;35;1mAccountCategory Create (10.0ms)[0m   [0mINSERT INTO `account_categories` (`updated_at`, `description`, `label`, `created_at`) VALUES('2010-09-19 07:09:04', NULL, NULL, '2010-09-19 07:09:04')[0m
  [4;36;1mSQL (32.0ms)[0m   [0;1mCOMMIT[0m
Redirected to http://localhost:3000/account_categories/1
Completed in 63ms (DB: 46) | 302 Found [http://localhost/account_categories]
  [4;35;1mSQL (0.0ms)[0m   [0mSET NAMES 'utf8'[0m
  [4;36;1mSQL (1.0ms)[0m   [0;1mSET SQL_AUTO_IS_NULL=0[0m


Processing AccountCategoriesController#show (for 127.0.0.1 at 2010-09-19 14:09:05) [GET]
  Parameters: {"id"=>"1"}
Rendering account_categories/show
Completed in 86ms (View: 84, DB: 1) | 200 OK [http://localhost/account_categories/1]
  [4;35;1mSQL (0.0ms)[0m   [0mSET NAMES 'utf8'[0m
  [4;36;1mSQL (1.0ms)[0m   [0;1mSET SQL_AUTO_IS_NULL=0[0m


Processing AccountCategoriesController#new (for 127.0.0.1 at 2010-09-19 14:11:39) [GET]
  [4;35;1mAccountCategory Columns (3.0ms)[0m   [0mSHOW FIELDS FROM `account_categories`[0m
Rendering account_categories/new
Completed in 25ms (View: 14, DB: 4) | 200 OK [http://localhost/account_categories/new]
  [4;36;1mSQL (0.0ms)[0m   [0;1mSET NAMES 'utf8'[0m
  [4;35;1mSQL (0.0ms)[0m   [0mSET SQL_AUTO_IS_NULL=0[0m


Processing AccountCategoriesController#create (for 127.0.0.1 at 2010-09-19 14:11:43) [POST]
  Parameters: {"commit"=>"Create new account", "authenticity_token"=>"Du6YG6QGqfXreM4aRYI4Av/ZLqJujO5YyxDg+8ot++o=", "account_category"=>{"description"=>"432", "label"=>"234"}}
  [4;36;1mAccountCategory Columns (2.0ms)[0m   [0;1mSHOW FIELDS FROM `account_categories`[0m
  [4;35;1mSQL (1.0ms)[0m   [0mBEGIN[0m
  [4;36;1mAccountCategory Create (1.0ms)[0m   [0;1mINSERT INTO `account_categories` (`updated_at`, `description`, `label`, `created_at`) VALUES('2010-09-19 07:11:43', NULL, NULL, '2010-09-19 07:11:43')[0m
  [4;35;1mSQL (81.0ms)[0m   [0mCOMMIT[0m
Redirected to http://localhost:3000/account_categories/2
Completed in 100ms (DB: 85) | 302 Found [http://localhost/account_categories]
  [4;36;1mSQL (1.0ms)[0m   [0;1mSET NAMES 'utf8'[0m
  [4;35;1mSQL (1.0ms)[0m   [0mSET SQL_AUTO_IS_NULL=0[0m


Processing AccountCategoriesController#show (for 127.0.0.1 at 2010-09-19 14:11:44) [GET]
  Parameters: {"id"=>"2"}
Rendering account_categories/show
Completed in 3ms (View: 1, DB: 2) | 200 OK [http://localhost/account_categories/2]
  [4;36;1mSQL (0.0ms)[0m   [0;1mSET NAMES 'utf8'[0m
  [4;35;1mSQL (1.0ms)[0m   [0mSET SQL_AUTO_IS_NULL=0[0m


Processing AccountCategoriesController#new (for 127.0.0.1 at 2010-09-19 14:15:24) [GET]
  [4;36;1mAccountCategory Columns (3.0ms)[0m   [0;1mSHOW FIELDS FROM `account_categories`[0m
Rendering account_categories/new
Completed in 26ms (View: 14, DB: 4) | 200 OK [http://localhost/account_categories/new]
  [4;35;1mSQL (1.0ms)[0m   [0mSET NAMES 'utf8'[0m
  [4;36;1mSQL (2.0ms)[0m   [0;1mSET SQL_AUTO_IS_NULL=0[0m


Processing AccountCategoriesController#create (for 127.0.0.1 at 2010-09-19 14:15:40) [POST]
  Parameters: {"commit"=>"Create new account", "authenticity_token"=>"Du6YG6QGqfXreM4aRYI4Av/ZLqJujO5YyxDg+8ot++o=", "account_category"=>{"description"=>"asdfasdfsadfdsaf", "label"=>"123"}}

TypeError (can't convert nil into String):
  app/controllers/account_categories_controller.rb:21:in `create'

Rendered rescues/_trace (158.0ms)
Rendered rescues/_request_and_response (1.0ms)
Rendering rescues/layout (internal_server_error)
  [4;35;1mSQL (0.0ms)[0m   [0mSET NAMES 'utf8'[0m
  [4;36;1mSQL (0.0ms)[0m   [0;1mSET SQL_AUTO_IS_NULL=0[0m


Processing AccountCategoriesController#create (for 127.0.0.1 at 2010-09-19 14:16:26) [POST]
  Parameters: {"commit"=>"Create new account", "authenticity_token"=>"Du6YG6QGqfXreM4aRYI4Av/ZLqJujO5YyxDg+8ot++o=", "account_category"=>{"description"=>"asdfasdfsadfdsaf", "label"=>"123"}}

TypeError (can't convert nil into String):
  app/controllers/account_categories_controller.rb:21:in `create'

Rendered rescues/_trace (85.0ms)
Rendered rescues/_request_and_response (1.0ms)
Rendering rescues/layout (internal_server_error)
  [4;35;1mSQL (1.0ms)[0m   [0mSET NAMES 'utf8'[0m
  [4;36;1mSQL (0.0ms)[0m   [0;1mSET SQL_AUTO_IS_NULL=0[0m


Processing AccountCategoriesController#create (for 127.0.0.1 at 2010-09-19 14:16:57) [POST]
  Parameters: {"commit"=>"Create new account", "authenticity_token"=>"Du6YG6QGqfXreM4aRYI4Av/ZLqJujO5YyxDg+8ot++o=", "account_category"=>{"description"=>"asdfasdfsadfdsaf", "label"=>"123"}}

TypeError (can't convert HashWithIndifferentAccess into String):
  app/controllers/account_categories_controller.rb:21:in `create'

Rendered rescues/_trace (161.0ms)
Rendered rescues/_request_and_response (1.0ms)
Rendering rescues/layout (internal_server_error)
  [4;35;1mSQL (0.0ms)[0m   [0mSET NAMES 'utf8'[0m
  [4;36;1mSQL (0.0ms)[0m   [0;1mSET SQL_AUTO_IS_NULL=0[0m


Processing AccountCategoriesController#new (for 127.0.0.1 at 2010-09-19 14:17:14) [GET]
  [4;35;1mAccountCategory Columns (3.0ms)[0m   [0mSHOW FIELDS FROM `account_categories`[0m
Rendering account_categories/new
Completed in 18ms (View: 7, DB: 3) | 200 OK [http://localhost/account_categories/new]
  [4;36;1mSQL (0.0ms)[0m   [0;1mSET NAMES 'utf8'[0m
  [4;35;1mSQL (0.0ms)[0m   [0mSET SQL_AUTO_IS_NULL=0[0m


Processing AccountCategoriesController#create (for 127.0.0.1 at 2010-09-19 14:17:19) [POST]
  Parameters: {"commit"=>"Create new account", "authenticity_token"=>"Du6YG6QGqfXreM4aRYI4Av/ZLqJujO5YyxDg+8ot++o=", "account_category"=>{"description"=>"asdfasdfsadfdsaf", "label"=>"123"}}
  [4;36;1mAccountCategory Columns (4.0ms)[0m   [0;1mSHOW FIELDS FROM `account_categories`[0m

ActionView::MissingTemplate (Missing template account_categories/create.erb in view path app/views):
  

Rendering rescues/layout (internal_server_error)
  [4;35;1mSQL (1.0ms)[0m   [0mSET NAMES 'utf8'[0m
  [4;36;1mSQL (0.0ms)[0m   [0;1mSET SQL_AUTO_IS_NULL=0[0m


Processing AccountCategoriesController#new (for 127.0.0.1 at 2010-09-19 14:19:13) [GET]
  [4;35;1mAccountCategory Columns (3.0ms)[0m   [0mSHOW FIELDS FROM `account_categories`[0m
Rendering account_categories/new
Completed in 17ms (View: 6, DB: 4) | 200 OK [http://localhost/account_categories/new]
  [4;36;1mSQL (0.0ms)[0m   [0;1mSET NAMES 'utf8'[0m
  [4;35;1mSQL (1.0ms)[0m   [0mSET SQL_AUTO_IS_NULL=0[0m


Processing AccountCategoriesController#create (for 127.0.0.1 at 2010-09-19 14:19:17) [POST]
  Parameters: {"commit"=>"Create new account", "authenticity_token"=>"Du6YG6QGqfXreM4aRYI4Av/ZLqJujO5YyxDg+8ot++o=", "account_category"=>{"description"=>"asdfasdfsadfdsaf", "label"=>"123"}}
  [4;36;1mAccountCategory Columns (3.0ms)[0m   [0;1mSHOW FIELDS FROM `account_categories`[0m

ActionView::MissingTemplate (Missing template account_categories/create.erb in view path app/views):
  

Rendering rescues/layout (internal_server_error)
  [4;35;1mSQL (1.0ms)[0m   [0mSET NAMES 'utf8'[0m
  [4;36;1mSQL (1.0ms)[0m   [0;1mSET SQL_AUTO_IS_NULL=0[0m


Processing AccountCategoriesController#create (for 127.0.0.1 at 2010-09-19 14:19:40) [POST]
  Parameters: {"commit"=>"Create new account", "authenticity_token"=>"Du6YG6QGqfXreM4aRYI4Av/ZLqJujO5YyxDg+8ot++o=", "account_category"=>{"description"=>"asdfasdfsadfdsaf", "label"=>"123"}}
  [4;35;1mAccountCategory Columns (2.0ms)[0m   [0mSHOW FIELDS FROM `account_categories`[0m
  [4;36;1mSQL (0.0ms)[0m   [0;1mBEGIN[0m
  [4;35;1mAccountCategory Create (0.0ms)[0m   [0mINSERT INTO `account_categories` (`updated_at`, `description`, `label`, `created_at`) VALUES('2010-09-19 07:19:40', 'asdfasdfsadfdsaf', '123', '2010-09-19 07:19:40')[0m
  [4;36;1mSQL (46.0ms)[0m   [0;1mCOMMIT[0m
Redirected to http://localhost:3000/account_categories/3
Completed in 69ms (DB: 50) | 302 Found [http://localhost/account_categories]
  [4;35;1mSQL (0.0ms)[0m   [0mSET NAMES 'utf8'[0m
  [4;36;1mSQL (1.0ms)[0m   [0;1mSET SQL_AUTO_IS_NULL=0[0m


Processing AccountCategoriesController#show (for 127.0.0.1 at 2010-09-19 14:19:41) [GET]
  Parameters: {"id"=>"3"}
Rendering account_categories/show
Completed in 4ms (View: 2, DB: 1) | 200 OK [http://localhost/account_categories/3]
